
Showing logs for build [32mcraft-de-jet-environment-pegasu-f54pb-1[0m stage [32mfrom-build-pack[0m and container [32mstep-credential-initializer-sl58f[0m
{"level":"info","ts":1591122308.4805946,"logger":"fallback-logger","caller":"logging/config.go:69","msg":"Fetch GitHub commit ID from kodata failed: open /var/run/ko/refs/heads/0.8.0-ns-support: no such file or directory"}
{"level":"info","ts":1591122308.4809854,"logger":"fallback-logger","caller":"creds-init/main.go:40","msg":"Credentials initialized."}

Showing logs for build [32mcraft-de-jet-environment-pegasu-f54pb-1[0m stage [32mfrom-build-pack[0m and container [32mstep-working-dir-initializer-2jzdz[0m
{"level":"info","ts":1591122309.08864,"logger":"fallback-logger","caller":"logging/config.go:69","msg":"Fetch GitHub commit ID from kodata failed: open /var/run/ko/HEAD: no such file or directory"}
{"level":"info","ts":1591122309.0897498,"logger":"fallback-logger","caller":"bash/main.go:64","msg":"Successfully executed command \"sh -c mkdir -p /workspace/source\"; output "}

Showing logs for build [32mcraft-de-jet-environment-pegasu-f54pb-1[0m stage [32mfrom-build-pack[0m and container [32mstep-place-tools[0m

Showing logs for build [32mcraft-de-jet-environment-pegasu-f54pb-1[0m stage [32mfrom-build-pack[0m and container [32mstep-git-source-craft-de-jet-environment-pegasu-f54pb-pwzsn[0m
{"level":"info","ts":1591122315.3766963,"logger":"fallback-logger","caller":"logging/config.go:69","msg":"Fetch GitHub commit ID from kodata failed: open /var/run/ko/refs/heads/0.8.0-ns-support: no such file or directory"}
{"level":"info","ts":1591122317.3831968,"logger":"fallback-logger","caller":"git/git.go:103","msg":"Successfully cloned https://github.com/************/environment-pegasus-production.git @ v0.0.1 in path /workspace/source"}

Showing logs for build [32mcraft-de-jet-environment-pegasu-f54pb-1[0m stage [32mfrom-build-pack[0m and container [32mstep-git-merge[0m
Using SHAs from PULL_REFS=master:bfc8467534b1213dd6fea748d085440b7ef362a0
WARNING: no SHAs to merge, falling back to initial cloned commit

Showing logs for build [32mcraft-de-jet-environment-pegasu-f54pb-1[0m stage [32mfrom-build-pack[0m and container [32mstep-setup-jx-git-credentials[0m
Generated Git credentials file /builder/home/git/credentials

Showing logs for build [32mcraft-de-jet-environment-pegasu-f54pb-1[0m stage [32mfrom-build-pack[0m and container [32mstep-build-helm-apply[0m
Modified file /workspace/source/env/Chart.yaml to set the chart to version 1
creating the lock configmap jx-lock-***-production
lock configmap jx-lock-***-production created
Ignoring templates/.gitignore
Ignoring templates/wildcardcert-secret.yaml
WARNING: No $CHART_REPOSITORY defined so using the default value of: http://jenkins-x-chartmuseum:8080
Adding missing Helm repo: storage.googleapis.com https://storage.googleapis.com/chartmuseum.jenkins-x.io
Successfully added Helm repository storage.googleapis.com.
Adding missing Helm repo: jenkins-x-chartmuseum http://jenkins-x-chartmuseum:8080
Successfully added Helm repository jenkins-x-chartmuseum.
WARNING: No $CHART_REPOSITORY defined so using the default value of: http://jenkins-x-chartmuseum:8080
Adding missing Helm repo: chartmuseum.jenkins-x.io http://chartmuseum.jenkins-x.io
Successfully added Helm repository chartmuseum.jenkins-x.io.

cleaning the lock configmap jx-lock-***-production
