
Showing logs for build [32mcraft-de-jet-environment-pegasu-nl5ww-1[0m stage [32mfrom-build-pack[0m and container [32mstep-credential-initializer-wq4cg[0m
{"level":"info","ts":1591122287.9357457,"logger":"fallback-logger","caller":"logging/config.go:69","msg":"Fetch GitHub commit ID from kodata failed: open /var/run/ko/refs/heads/0.8.0-ns-support: no such file or directory"}
{"level":"info","ts":1591122287.936406,"logger":"fallback-logger","caller":"creds-init/main.go:40","msg":"Credentials initialized."}

Showing logs for build [32mcraft-de-jet-environment-pegasu-nl5ww-1[0m stage [32mfrom-build-pack[0m and container [32mstep-working-dir-initializer-dbc58[0m
{"level":"info","ts":1591122289.0298975,"logger":"fallback-logger","caller":"logging/config.go:69","msg":"Fetch GitHub commit ID from kodata failed: open /var/run/ko/HEAD: no such file or directory"}
{"level":"info","ts":1591122289.0309982,"logger":"fallback-logger","caller":"bash/main.go:64","msg":"Successfully executed command \"sh -c mkdir -p /workspace/source\"; output "}

Showing logs for build [32mcraft-de-jet-environment-pegasu-nl5ww-1[0m stage [32mfrom-build-pack[0m and container [32mstep-place-tools[0m

Showing logs for build [32mcraft-de-jet-environment-pegasu-nl5ww-1[0m stage [32mfrom-build-pack[0m and container [32mstep-git-source-craft-de-jet-environment-pegasu-nl5ww-4w276[0m
{"level":"info","ts":1591122295.3550436,"logger":"fallback-logger","caller":"logging/config.go:69","msg":"Fetch GitHub commit ID from kodata failed: open /var/run/ko/refs/heads/0.8.0-ns-support: no such file or directory"}
{"level":"info","ts":1591122297.5160983,"logger":"fallback-logger","caller":"git/git.go:103","msg":"Successfully cloned https://github.com/************/environment-pegasus-production.git @ master in path /workspace/source"}

Showing logs for build [32mcraft-de-jet-environment-pegasu-nl5ww-1[0m stage [32mfrom-build-pack[0m and container [32mstep-git-merge[0m
Using SHAs from PULL_REFS=master:7623dfe938075f6c1246b3190d375552b3b5edfa,1:ae4757443a6575594698a235a57caadae05b65ab
DEBUG: LC_ALL=C JX_LOG_LEVEL=error git fetch origin --unshallow ae4757443a6575594698a235a57caadae05b65ab: 7623dfe938075f6c1246b3190d375552b3b5edfa:
DEBUG: ran git fetch --unshallow origin ae4757443a6575594698a235a57caadae05b65ab: 7623dfe938075f6c1246b3190d375552b3b5edfa: in 
DEBUG: LC_ALL=C JX_LOG_LEVEL=error git branch
DEBUG: LC_ALL=C JX_LOG_LEVEL=error git checkout master
DEBUG: ran git checkout master in 
DEBUG: LC_ALL=C JX_LOG_LEVEL=error git reset --hard 7623dfe938075f6c1246b3190d375552b3b5edfa
DEBUG: ran git reset --hard 7623dfe938075f6c1246b3190d375552b3b5edfa in 
DEBUG: LC_ALL=C JX_LOG_LEVEL=error git clean -fd .
DEBUG: ran clean --force -d . in 
DEBUG: LC_ALL=C JX_LOG_LEVEL=error git merge ae4757443a6575594698a235a57caadae05b65ab
DEBUG: ran git merge ae4757443a6575594698a235a57caadae05b65ab in 
DEBUG: LC_ALL=C JX_LOG_LEVEL=error git log --format=%H%x1f%an%x1f%ae%x1f%cn%x1f%ce%x1f%s%n%b%x1e 7623dfe938075f6c1246b3190d375552b3b5edfa..HEAD
Merged SHA ae4757443a6575594698a235a57caadae05b65ab with commit message 'chore: Promote dashboard-ui to version 0.0.1' into base branch master

Showing logs for build [32mcraft-de-jet-environment-pegasu-nl5ww-1[0m stage [32mfrom-build-pack[0m and container [32mstep-build-helm-build[0m
WARNING: No $CHART_REPOSITORY defined so using the default value of: http://jenkins-x-chartmuseum:8080
Adding missing Helm repo: storage.googleapis.com https://storage.googleapis.com/chartmuseum.jenkins-x.io
Successfully added Helm repository storage.googleapis.com.
Adding missing Helm repo: jenkins-x-chartmuseum http://jenkins-x-chartmuseum:8080
Successfully added Helm repository jenkins-x-chartmuseum.
WARNING: No $CHART_REPOSITORY defined so using the default value of: http://jenkins-x-chartmuseum:8080
Adding missing Helm repo: chartmuseum.jenkins-x.io http://chartmuseum.jenkins-x.io
Successfully added Helm repository chartmuseum.jenkins-x.io.
